mode: set
github.com/n0n0bt/bookings/cmd/web/main.go:23.13,26.16 2 0
github.com/n0n0bt/bookings/cmd/web/main.go:26.16,28.3 1 0
github.com/n0n0bt/bookings/cmd/web/main.go:30.2,38.16 4 0
github.com/n0n0bt/bookings/cmd/web/main.go:41.18,57.16 10 1
github.com/n0n0bt/bookings/cmd/web/main.go:57.16,60.3 2 0
github.com/n0n0bt/bookings/cmd/web/main.go:62.2,70.12 6 1
github.com/n0n0bt/bookings/cmd/web/middleware.go:10.45,21.2 3 1
github.com/n0n0bt/bookings/cmd/web/middleware.go:24.50,26.2 1 1
github.com/n0n0bt/bookings/cmd/web/routes.go:12.49,40.2 18 1
