mode: set
github.com/n0n0bt/bookings/internal/handlers/handlers.go:30.62,35.2 1 0
github.com/n0n0bt/bookings/internal/handlers/handlers.go:38.51,43.2 1 1
github.com/n0n0bt/bookings/internal/handlers/handlers.go:46.33,48.2 1 1
github.com/n0n0bt/bookings/internal/handlers/handlers.go:51.67,53.2 1 1
github.com/n0n0bt/bookings/internal/handlers/handlers.go:56.68,58.2 1 1
github.com/n0n0bt/bookings/internal/handlers/handlers.go:61.74,63.9 2 1
github.com/n0n0bt/bookings/internal/handlers/handlers.go:63.9,67.3 3 1
github.com/n0n0bt/bookings/internal/handlers/handlers.go:69.2,70.16 2 1
github.com/n0n0bt/bookings/internal/handlers/handlers.go:70.16,74.3 3 1
github.com/n0n0bt/bookings/internal/handlers/handlers.go:76.2,94.4 10 1
github.com/n0n0bt/bookings/internal/handlers/handlers.go:98.78,102.9 2 1
github.com/n0n0bt/bookings/internal/handlers/handlers.go:102.9,106.3 3 1
github.com/n0n0bt/bookings/internal/handlers/handlers.go:108.2,110.16 2 1
github.com/n0n0bt/bookings/internal/handlers/handlers.go:110.16,114.3 3 1
github.com/n0n0bt/bookings/internal/handlers/handlers.go:116.2,127.19 9 1
github.com/n0n0bt/bookings/internal/handlers/handlers.go:127.19,136.3 4 1
github.com/n0n0bt/bookings/internal/handlers/handlers.go:138.2,139.16 2 1
github.com/n0n0bt/bookings/internal/handlers/handlers.go:139.16,143.3 3 1
github.com/n0n0bt/bookings/internal/handlers/handlers.go:145.2,154.16 3 1
github.com/n0n0bt/bookings/internal/handlers/handlers.go:154.16,158.3 3 1
github.com/n0n0bt/bookings/internal/handlers/handlers.go:160.2,161.66 2 1
github.com/n0n0bt/bookings/internal/handlers/handlers.go:165.71,167.2 1 1
github.com/n0n0bt/bookings/internal/handlers/handlers.go:170.69,172.2 1 1
github.com/n0n0bt/bookings/internal/handlers/handlers.go:175.75,177.2 1 1
github.com/n0n0bt/bookings/internal/handlers/handlers.go:180.79,187.16 6 0
github.com/n0n0bt/bookings/internal/handlers/handlers.go:187.16,189.3 1 0
github.com/n0n0bt/bookings/internal/handlers/handlers.go:190.2,191.16 2 0
github.com/n0n0bt/bookings/internal/handlers/handlers.go:191.16,194.3 2 0
github.com/n0n0bt/bookings/internal/handlers/handlers.go:196.2,197.16 2 0
github.com/n0n0bt/bookings/internal/handlers/handlers.go:197.16,200.3 2 0
github.com/n0n0bt/bookings/internal/handlers/handlers.go:202.2,202.21 1 0
github.com/n0n0bt/bookings/internal/handlers/handlers.go:202.21,207.3 3 0
github.com/n0n0bt/bookings/internal/handlers/handlers.go:209.2,221.4 5 0
github.com/n0n0bt/bookings/internal/handlers/handlers.go:233.79,236.16 2 1
github.com/n0n0bt/bookings/internal/handlers/handlers.go:236.16,247.3 5 1
github.com/n0n0bt/bookings/internal/handlers/handlers.go:249.2,259.16 8 1
github.com/n0n0bt/bookings/internal/handlers/handlers.go:259.16,270.3 5 0
github.com/n0n0bt/bookings/internal/handlers/handlers.go:271.2,284.14 4 1
github.com/n0n0bt/bookings/internal/handlers/handlers.go:288.70,290.2 1 1
github.com/n0n0bt/bookings/internal/handlers/handlers.go:293.81,295.9 2 1
github.com/n0n0bt/bookings/internal/handlers/handlers.go:295.9,299.3 3 1
github.com/n0n0bt/bookings/internal/handlers/handlers.go:301.2,315.4 9 1
github.com/n0n0bt/bookings/internal/handlers/handlers.go:319.73,322.16 3 1
github.com/n0n0bt/bookings/internal/handlers/handlers.go:322.16,326.3 3 1
github.com/n0n0bt/bookings/internal/handlers/handlers.go:328.2,329.9 2 1
github.com/n0n0bt/bookings/internal/handlers/handlers.go:329.9,333.3 3 1
github.com/n0n0bt/bookings/internal/handlers/handlers.go:335.2,339.63 3 1
github.com/n0n0bt/bookings/internal/handlers/handlers.go:343.71,355.16 9 1
github.com/n0n0bt/bookings/internal/handlers/handlers.go:355.16,359.3 3 1
github.com/n0n0bt/bookings/internal/handlers/handlers.go:361.2,368.63 6 1
