mode: set
github.com/n0n0bt/bookings/internal/handlers/handlers.go:24.47,28.2 1 1
github.com/n0n0bt/bookings/internal/handlers/handlers.go:31.33,33.2 1 1
github.com/n0n0bt/bookings/internal/handlers/handlers.go:36.67,41.2 3 1
github.com/n0n0bt/bookings/internal/handlers/handlers.go:44.68,56.2 5 1
github.com/n0n0bt/bookings/internal/handlers/handlers.go:59.74,68.2 4 1
github.com/n0n0bt/bookings/internal/handlers/handlers.go:71.78,73.16 2 1
github.com/n0n0bt/bookings/internal/handlers/handlers.go:73.16,76.3 2 0
github.com/n0n0bt/bookings/internal/handlers/handlers.go:78.2,91.19 6 1
github.com/n0n0bt/bookings/internal/handlers/handlers.go:91.19,99.3 4 0
github.com/n0n0bt/bookings/internal/handlers/handlers.go:101.2,102.66 2 1
github.com/n0n0bt/bookings/internal/handlers/handlers.go:106.71,108.2 1 1
github.com/n0n0bt/bookings/internal/handlers/handlers.go:111.69,113.2 1 1
github.com/n0n0bt/bookings/internal/handlers/handlers.go:116.75,118.2 1 1
github.com/n0n0bt/bookings/internal/handlers/handlers.go:121.79,126.2 3 1
github.com/n0n0bt/bookings/internal/handlers/handlers.go:134.79,141.16 3 1
github.com/n0n0bt/bookings/internal/handlers/handlers.go:141.16,143.3 1 0
github.com/n0n0bt/bookings/internal/handlers/handlers.go:145.2,146.14 2 1
github.com/n0n0bt/bookings/internal/handlers/handlers.go:150.70,152.2 1 1
github.com/n0n0bt/bookings/internal/handlers/handlers.go:155.81,157.9 2 1
github.com/n0n0bt/bookings/internal/handlers/handlers.go:157.9,162.3 4 1
github.com/n0n0bt/bookings/internal/handlers/handlers.go:164.2,171.4 4 0
